2021-03-28 10:50:40.279  INFO 7320 --- [restartedMain] t.esprit.spring.KinderGartenApplication  : Starting KinderGartenApplication using Java 1.8.0_60 on DESKTOP-I0KEIU6 with PID 7320 (C:\Users\User\Documents\Kindergarten_Backend\KinderGarten\target\classes started by User in C:\Users\User\Documents\Kindergarten_Backend\KinderGarten)
2021-03-28 10:50:40.323  INFO 7320 --- [restartedMain] t.esprit.spring.KinderGartenApplication  : No active profile set, falling back to default profiles: default
2021-03-28 10:50:40.420  INFO 7320 --- [restartedMain] .e.DevToolsPropertyDefaultsPostProcessor : Devtools property defaults active! Set 'spring.devtools.add-properties' to 'false' to disable
2021-03-28 10:50:40.449  INFO 7320 --- [restartedMain] .e.DevToolsPropertyDefaultsPostProcessor : For additional web related logging consider setting the 'logging.level.web' property to 'DEBUG'
2021-03-28 10:50:42.246  INFO 7320 --- [restartedMain] .s.d.r.c.RepositoryConfigurationDelegate : Bootstrapping Spring Data JPA repositories in DEFAULT mode.
2021-03-28 10:50:42.425  INFO 7320 --- [restartedMain] .s.d.r.c.RepositoryConfigurationDelegate : Finished Spring Data repository scanning in 163 ms. Found 16 JPA repository interfaces.
2021-03-28 10:50:44.022  INFO 7320 --- [restartedMain] o.s.b.w.embedded.tomcat.TomcatWebServer  : Tomcat initialized with port(s): 8081 (http)
2021-03-28 10:50:44.037  INFO 7320 --- [restartedMain] o.apache.catalina.core.StandardService   : Starting service [Tomcat]
2021-03-28 10:50:44.037  INFO 7320 --- [restartedMain] org.apache.catalina.core.StandardEngine  : Starting Servlet engine: [Apache Tomcat/9.0.43]
2021-03-28 10:50:44.042  INFO 7320 --- [restartedMain] o.a.catalina.core.AprLifecycleListener   : Loaded Apache Tomcat Native library [1.2.25] using APR version [1.7.0].
2021-03-28 10:50:44.042  INFO 7320 --- [restartedMain] o.a.catalina.core.AprLifecycleListener   : APR capabilities: IPv6 [true], sendfile [true], accept filters [false], random [true].
2021-03-28 10:50:44.042  INFO 7320 --- [restartedMain] o.a.catalina.core.AprLifecycleListener   : APR/OpenSSL configuration: useAprConnector [false], useOpenSSL [true]
2021-03-28 10:50:44.047  INFO 7320 --- [restartedMain] o.a.catalina.core.AprLifecycleListener   : OpenSSL successfully initialized [OpenSSL 1.1.1g  21 Apr 2020]
2021-03-28 10:50:44.206  INFO 7320 --- [restartedMain] o.a.c.c.C.[.[localhost].[/kindergarten]  : Initializing Spring embedded WebApplicationContext
2021-03-28 10:50:44.206  INFO 7320 --- [restartedMain] w.s.c.ServletWebServerApplicationContext : Root WebApplicationContext: initialization completed in 3756 ms
2021-03-28 10:50:45.694  INFO 7320 --- [restartedMain] o.hibernate.jpa.internal.util.LogHelper  : HHH000204: Processing PersistenceUnitInfo [name: default]
2021-03-28 10:50:45.779  INFO 7320 --- [restartedMain] org.hibernate.Version                    : HHH000412: Hibernate ORM core version 5.4.28.Final
2021-03-28 10:50:46.180  INFO 7320 --- [restartedMain] o.hibernate.annotations.common.Version   : HCANN000001: Hibernate Commons Annotations {5.1.2.Final}
2021-03-28 10:50:46.533  INFO 7320 --- [restartedMain] com.zaxxer.hikari.HikariDataSource       : HikariPool-1 - Starting...
2021-03-28 10:50:47.066  INFO 7320 --- [restartedMain] com.zaxxer.hikari.HikariDataSource       : HikariPool-1 - Start completed.
2021-03-28 10:50:47.100  INFO 7320 --- [restartedMain] org.hibernate.dialect.Dialect            : HHH000400: Using dialect: org.hibernate.dialect.MySQL5Dialect
2021-03-28 10:50:47.947  WARN 7320 --- [restartedMain] org.hibernate.mapping.RootClass          : HHH000038: Composite-id class does not override equals(): tn.esprit.spring.entity.PK_SAT
2021-03-28 10:50:47.947  WARN 7320 --- [restartedMain] org.hibernate.mapping.RootClass          : HHH000039: Composite-id class does not override hashCode(): tn.esprit.spring.entity.PK_SAT
2021-03-28 10:50:58.120  INFO 7320 --- [restartedMain] o.h.e.t.j.p.i.JtaPlatformInitiator       : HHH000490: Using JtaPlatform implementation: [org.hibernate.engine.transaction.jta.platform.internal.NoJtaPlatform]
2021-03-28 10:50:58.277  INFO 7320 --- [restartedMain] j.LocalContainerEntityManagerFactoryBean : Initialized JPA EntityManagerFactory for persistence unit 'default'
2021-03-28 10:50:58.311  INFO 7320 --- [restartedMain] o.s.b.d.a.OptionalLiveReloadServer       : LiveReload server is running on port 35729
2021-03-28 10:51:03.220  WARN 7320 --- [restartedMain] JpaBaseConfiguration$JpaWebConfiguration : spring.jpa.open-in-view is enabled by default. Therefore, database queries may be performed during view rendering. Explicitly configure spring.jpa.open-in-view to disable this warning
2021-03-28 10:51:04.582  INFO 7320 --- [restartedMain] o.s.s.concurrent.ThreadPoolTaskExecutor  : Initializing ExecutorService 'applicationTaskExecutor'
2021-03-28 10:51:06.523  INFO 7320 --- [restartedMain] o.s.b.a.e.web.EndpointLinksResolver      : Exposing 15 endpoint(s) beneath base path '/actuator'
2021-03-28 10:51:07.066  INFO 7320 --- [restartedMain] o.s.b.w.embedded.tomcat.TomcatWebServer  : Tomcat started on port(s): 8081 (http) with context path '/kindergarten'
2021-03-28 10:51:07.145  INFO 7320 --- [restartedMain] t.esprit.spring.KinderGartenApplication  : Started KinderGartenApplication in 27.869 seconds (JVM running for 29.104)
2021-03-28 10:57:54.976  INFO 7320 --- [http-nio-8081-exec-1] o.a.c.c.C.[.[localhost].[/kindergarten]  : Initializing Spring DispatcherServlet 'dispatcherServlet'
2021-03-28 10:57:54.976  INFO 7320 --- [http-nio-8081-exec-1] o.s.web.servlet.DispatcherServlet        : Initializing Servlet 'dispatcherServlet'
2021-03-28 10:57:54.978  INFO 7320 --- [http-nio-8081-exec-1] o.s.web.servlet.DispatcherServlet        : Completed initialization in 2 ms
2021-03-28 11:23:22.749  INFO 7320 --- [RMI TCP Connection(2)-127.0.0.1] inMXBeanRegistrar$SpringApplicationAdmin : Application shutdown requested.
2021-03-28 11:23:23.153  INFO 7320 --- [RMI TCP Connection(2)-127.0.0.1] o.s.s.concurrent.ThreadPoolTaskExecutor  : Shutting down ExecutorService 'applicationTaskExecutor'
2021-03-28 11:23:23.165  INFO 7320 --- [RMI TCP Connection(2)-127.0.0.1] j.LocalContainerEntityManagerFactoryBean : Closing JPA EntityManagerFactory for persistence unit 'default'
2021-03-28 11:23:23.174  INFO 7320 --- [RMI TCP Connection(2)-127.0.0.1] com.zaxxer.hikari.HikariDataSource       : HikariPool-1 - Shutdown initiated...
2021-03-28 11:23:23.190  INFO 7320 --- [RMI TCP Connection(2)-127.0.0.1] com.zaxxer.hikari.HikariDataSource       : HikariPool-1 - Shutdown completed.
2021-03-28 21:14:10.046  INFO 6004 --- [restartedMain] t.esprit.spring.KinderGartenApplication  : Starting KinderGartenApplication using Java 1.8.0_60 on DESKTOP-I0KEIU6 with PID 6004 (C:\Users\User\Documents\Kindergarten_Backend\KinderGarten\target\classes started by User in C:\Users\User\Documents\Kindergarten_Backend\KinderGarten)
2021-03-28 21:14:10.046  INFO 6004 --- [restartedMain] t.esprit.spring.KinderGartenApplication  : No active profile set, falling back to default profiles: default
2021-03-28 21:14:10.132  INFO 6004 --- [restartedMain] .e.DevToolsPropertyDefaultsPostProcessor : Devtools property defaults active! Set 'spring.devtools.add-properties' to 'false' to disable
2021-03-28 21:14:10.132  INFO 6004 --- [restartedMain] .e.DevToolsPropertyDefaultsPostProcessor : For additional web related logging consider setting the 'logging.level.web' property to 'DEBUG'
2021-03-28 21:14:12.037  INFO 6004 --- [restartedMain] .s.d.r.c.RepositoryConfigurationDelegate : Bootstrapping Spring Data JPA repositories in DEFAULT mode.
2021-03-28 21:14:12.241  INFO 6004 --- [restartedMain] .s.d.r.c.RepositoryConfigurationDelegate : Finished Spring Data repository scanning in 186 ms. Found 16 JPA repository interfaces.
2021-03-28 21:14:13.306  INFO 6004 --- [restartedMain] o.s.b.w.embedded.tomcat.TomcatWebServer  : Tomcat initialized with port(s): 8081 (http)
2021-03-28 21:14:13.316  INFO 6004 --- [restartedMain] o.apache.catalina.core.StandardService   : Starting service [Tomcat]
2021-03-28 21:14:13.323  INFO 6004 --- [restartedMain] org.apache.catalina.core.StandardEngine  : Starting Servlet engine: [Apache Tomcat/9.0.43]
2021-03-28 21:14:13.326  INFO 6004 --- [restartedMain] o.a.catalina.core.AprLifecycleListener   : Loaded Apache Tomcat Native library [1.2.25] using APR version [1.7.0].
2021-03-28 21:14:13.326  INFO 6004 --- [restartedMain] o.a.catalina.core.AprLifecycleListener   : APR capabilities: IPv6 [true], sendfile [true], accept filters [false], random [true].
2021-03-28 21:14:13.326  INFO 6004 --- [restartedMain] o.a.catalina.core.AprLifecycleListener   : APR/OpenSSL configuration: useAprConnector [false], useOpenSSL [true]
2021-03-28 21:14:13.331  INFO 6004 --- [restartedMain] o.a.catalina.core.AprLifecycleListener   : OpenSSL successfully initialized [OpenSSL 1.1.1g  21 Apr 2020]
2021-03-28 21:14:13.461  INFO 6004 --- [restartedMain] o.a.c.c.C.[.[localhost].[/kindergarten]  : Initializing Spring embedded WebApplicationContext
2021-03-28 21:14:13.461  INFO 6004 --- [restartedMain] w.s.c.ServletWebServerApplicationContext : Root WebApplicationContext: initialization completed in 3329 ms
2021-03-28 21:14:14.162  INFO 6004 --- [restartedMain] o.hibernate.jpa.internal.util.LogHelper  : HHH000204: Processing PersistenceUnitInfo [name: default]
2021-03-28 21:14:14.256  INFO 6004 --- [restartedMain] org.hibernate.Version                    : HHH000412: Hibernate ORM core version 5.4.28.Final
2021-03-28 21:14:14.494  INFO 6004 --- [restartedMain] o.hibernate.annotations.common.Version   : HCANN000001: Hibernate Commons Annotations {5.1.2.Final}
2021-03-28 21:14:14.697  INFO 6004 --- [restartedMain] com.zaxxer.hikari.HikariDataSource       : HikariPool-1 - Starting...
2021-03-28 21:14:15.041  INFO 6004 --- [restartedMain] com.zaxxer.hikari.HikariDataSource       : HikariPool-1 - Start completed.
2021-03-28 21:14:15.108  INFO 6004 --- [restartedMain] org.hibernate.dialect.Dialect            : HHH000400: Using dialect: org.hibernate.dialect.MySQL5Dialect
2021-03-28 21:14:15.689  WARN 6004 --- [restartedMain] org.hibernate.mapping.RootClass          : HHH000038: Composite-id class does not override equals(): tn.esprit.spring.entity.PK_SAT
2021-03-28 21:14:15.695  WARN 6004 --- [restartedMain] org.hibernate.mapping.RootClass          : HHH000039: Composite-id class does not override hashCode(): tn.esprit.spring.entity.PK_SAT
2021-03-28 21:14:17.932  INFO 6004 --- [restartedMain] o.h.e.t.j.p.i.JtaPlatformInitiator       : HHH000490: Using JtaPlatform implementation: [org.hibernate.engine.transaction.jta.platform.internal.NoJtaPlatform]
2021-03-28 21:14:17.947  INFO 6004 --- [restartedMain] j.LocalContainerEntityManagerFactoryBean : Initialized JPA EntityManagerFactory for persistence unit 'default'
2021-03-28 21:14:17.971  INFO 6004 --- [restartedMain] o.s.b.d.a.OptionalLiveReloadServer       : LiveReload server is running on port 35729
2021-03-28 21:14:19.366  WARN 6004 --- [restartedMain] JpaBaseConfiguration$JpaWebConfiguration : spring.jpa.open-in-view is enabled by default. Therefore, database queries may be performed during view rendering. Explicitly configure spring.jpa.open-in-view to disable this warning
2021-03-28 21:14:19.516  INFO 6004 --- [restartedMain] o.s.s.concurrent.ThreadPoolTaskExecutor  : Initializing ExecutorService 'applicationTaskExecutor'
2021-03-28 21:14:20.172  INFO 6004 --- [restartedMain] o.s.b.a.e.web.EndpointLinksResolver      : Exposing 15 endpoint(s) beneath base path '/actuator'
2021-03-28 21:14:20.256  INFO 6004 --- [restartedMain] o.s.b.w.embedded.tomcat.TomcatWebServer  : Tomcat started on port(s): 8081 (http) with context path '/kindergarten'
2021-03-28 21:14:20.277  INFO 6004 --- [restartedMain] t.esprit.spring.KinderGartenApplication  : Started KinderGartenApplication in 10.841 seconds (JVM running for 11.935)
2021-03-28 21:14:37.712  INFO 6004 --- [http-nio-8081-exec-1] o.a.c.c.C.[.[localhost].[/kindergarten]  : Initializing Spring DispatcherServlet 'dispatcherServlet'
2021-03-28 21:14:37.712  INFO 6004 --- [http-nio-8081-exec-1] o.s.web.servlet.DispatcherServlet        : Initializing Servlet 'dispatcherServlet'
2021-03-28 21:14:37.714  INFO 6004 --- [http-nio-8081-exec-1] o.s.web.servlet.DispatcherServlet        : Completed initialization in 2 ms
2021-03-28 21:15:20.909  INFO 6004 --- [RMI TCP Connection(2)-127.0.0.1] inMXBeanRegistrar$SpringApplicationAdmin : Application shutdown requested.
2021-03-28 21:15:21.261  INFO 6004 --- [RMI TCP Connection(2)-127.0.0.1] o.s.s.concurrent.ThreadPoolTaskExecutor  : Shutting down ExecutorService 'applicationTaskExecutor'
2021-03-28 21:15:21.271  INFO 6004 --- [RMI TCP Connection(2)-127.0.0.1] j.LocalContainerEntityManagerFactoryBean : Closing JPA EntityManagerFactory for persistence unit 'default'
2021-03-28 21:15:21.276  INFO 6004 --- [RMI TCP Connection(2)-127.0.0.1] com.zaxxer.hikari.HikariDataSource       : HikariPool-1 - Shutdown initiated...
2021-03-28 21:15:21.296  INFO 6004 --- [RMI TCP Connection(2)-127.0.0.1] com.zaxxer.hikari.HikariDataSource       : HikariPool-1 - Shutdown completed.
2021-03-28 21:36:05.981  INFO 11336 --- [restartedMain] t.esprit.spring.KinderGartenApplication  : Starting KinderGartenApplication using Java 1.8.0_60 on DESKTOP-I0KEIU6 with PID 11336 (C:\Users\User\Desktop\Kindergarten_Backend\KinderGarten\target\classes started by User in C:\Users\User\Desktop\Kindergarten_Backend\KinderGarten)
2021-03-28 21:36:05.988  INFO 11336 --- [restartedMain] t.esprit.spring.KinderGartenApplication  : No active profile set, falling back to default profiles: default
2021-03-28 21:36:06.078  INFO 11336 --- [restartedMain] .e.DevToolsPropertyDefaultsPostProcessor : Devtools property defaults active! Set 'spring.devtools.add-properties' to 'false' to disable
2021-03-28 21:36:06.079  INFO 11336 --- [restartedMain] .e.DevToolsPropertyDefaultsPostProcessor : For additional web related logging consider setting the 'logging.level.web' property to 'DEBUG'
2021-03-28 21:36:07.671  INFO 11336 --- [restartedMain] .s.d.r.c.RepositoryConfigurationDelegate : Bootstrapping Spring Data JPA repositories in DEFAULT mode.
2021-03-28 21:36:07.911  INFO 11336 --- [restartedMain] .s.d.r.c.RepositoryConfigurationDelegate : Finished Spring Data repository scanning in 226 ms. Found 16 JPA repository interfaces.
2021-03-28 21:36:09.013  INFO 11336 --- [restartedMain] o.s.b.w.embedded.tomcat.TomcatWebServer  : Tomcat initialized with port(s): 8081 (http)
2021-03-28 21:36:09.033  INFO 11336 --- [restartedMain] o.apache.catalina.core.StandardService   : Starting service [Tomcat]
2021-03-28 21:36:09.033  INFO 11336 --- [restartedMain] org.apache.catalina.core.StandardEngine  : Starting Servlet engine: [Apache Tomcat/9.0.43]
2021-03-28 21:36:09.039  INFO 11336 --- [restartedMain] o.a.catalina.core.AprLifecycleListener   : Loaded Apache Tomcat Native library [1.2.25] using APR version [1.7.0].
2021-03-28 21:36:09.040  INFO 11336 --- [restartedMain] o.a.catalina.core.AprLifecycleListener   : APR capabilities: IPv6 [true], sendfile [true], accept filters [false], random [true].
2021-03-28 21:36:09.041  INFO 11336 --- [restartedMain] o.a.catalina.core.AprLifecycleListener   : APR/OpenSSL configuration: useAprConnector [false], useOpenSSL [true]
2021-03-28 21:36:09.045  INFO 11336 --- [restartedMain] o.a.catalina.core.AprLifecycleListener   : OpenSSL successfully initialized [OpenSSL 1.1.1g  21 Apr 2020]
2021-03-28 21:36:09.234  INFO 11336 --- [restartedMain] o.a.c.c.C.[.[localhost].[/kindergarten]  : Initializing Spring embedded WebApplicationContext
2021-03-28 21:36:09.235  INFO 11336 --- [restartedMain] w.s.c.ServletWebServerApplicationContext : Root WebApplicationContext: initialization completed in 3155 ms
2021-03-28 21:36:10.315  INFO 11336 --- [restartedMain] o.hibernate.jpa.internal.util.LogHelper  : HHH000204: Processing PersistenceUnitInfo [name: default]
2021-03-28 21:36:10.395  INFO 11336 --- [restartedMain] org.hibernate.Version                    : HHH000412: Hibernate ORM core version 5.4.28.Final
2021-03-28 21:36:10.639  INFO 11336 --- [restartedMain] o.hibernate.annotations.common.Version   : HCANN000001: Hibernate Commons Annotations {5.1.2.Final}
2021-03-28 21:36:10.828  INFO 11336 --- [restartedMain] com.zaxxer.hikari.HikariDataSource       : HikariPool-1 - Starting...
2021-03-28 21:36:11.199  INFO 11336 --- [restartedMain] com.zaxxer.hikari.HikariDataSource       : HikariPool-1 - Start completed.
2021-03-28 21:36:11.230  INFO 11336 --- [restartedMain] org.hibernate.dialect.Dialect            : HHH000400: Using dialect: org.hibernate.dialect.MySQL5Dialect
2021-03-28 21:36:11.982  WARN 11336 --- [restartedMain] org.hibernate.mapping.RootClass          : HHH000038: Composite-id class does not override equals(): tn.esprit.spring.entity.PK_SAT
2021-03-28 21:36:11.982  WARN 11336 --- [restartedMain] org.hibernate.mapping.RootClass          : HHH000039: Composite-id class does not override hashCode(): tn.esprit.spring.entity.PK_SAT
2021-03-28 21:36:14.396  INFO 11336 --- [restartedMain] o.h.e.t.j.p.i.JtaPlatformInitiator       : HHH000490: Using JtaPlatform implementation: [org.hibernate.engine.transaction.jta.platform.internal.NoJtaPlatform]
2021-03-28 21:36:14.423  INFO 11336 --- [restartedMain] j.LocalContainerEntityManagerFactoryBean : Initialized JPA EntityManagerFactory for persistence unit 'default'
2021-03-28 21:36:14.453  INFO 11336 --- [restartedMain] o.s.b.d.a.OptionalLiveReloadServer       : LiveReload server is running on port 35729
2021-03-28 21:36:15.906  WARN 11336 --- [restartedMain] JpaBaseConfiguration$JpaWebConfiguration : spring.jpa.open-in-view is enabled by default. Therefore, database queries may be performed during view rendering. Explicitly configure spring.jpa.open-in-view to disable this warning
2021-03-28 21:36:16.161  INFO 11336 --- [restartedMain] o.s.s.concurrent.ThreadPoolTaskExecutor  : Initializing ExecutorService 'applicationTaskExecutor'
2021-03-28 21:36:16.940  INFO 11336 --- [restartedMain] o.s.b.a.e.web.EndpointLinksResolver      : Exposing 15 endpoint(s) beneath base path '/actuator'
2021-03-28 21:36:17.020  INFO 11336 --- [restartedMain] o.s.b.w.embedded.tomcat.TomcatWebServer  : Tomcat started on port(s): 8081 (http) with context path '/kindergarten'
2021-03-28 21:36:17.041  INFO 11336 --- [restartedMain] t.esprit.spring.KinderGartenApplication  : Started KinderGartenApplication in 11.699 seconds (JVM running for 12.839)
2021-03-28 21:36:38.498  INFO 11336 --- [Thread-5] o.s.s.concurrent.ThreadPoolTaskExecutor  : Shutting down ExecutorService 'applicationTaskExecutor'
2021-03-28 21:36:38.505  INFO 11336 --- [Thread-5] j.LocalContainerEntityManagerFactoryBean : Closing JPA EntityManagerFactory for persistence unit 'default'
2021-03-28 21:36:38.517  INFO 11336 --- [Thread-5] com.zaxxer.hikari.HikariDataSource       : HikariPool-1 - Shutdown initiated...
2021-03-28 21:36:38.541  INFO 11336 --- [Thread-5] com.zaxxer.hikari.HikariDataSource       : HikariPool-1 - Shutdown completed.
2021-03-28 21:37:08.883  INFO 11504 --- [restartedMain] t.esprit.spring.KinderGartenApplication  : Starting KinderGartenApplication using Java 1.8.0_60 on DESKTOP-I0KEIU6 with PID 11504 (C:\Users\User\Desktop\Kindergarten_Backend\KinderGarten\target\classes started by User in C:\Users\User\Desktop\Kindergarten_Backend\KinderGarten)
2021-03-28 21:37:08.886  INFO 11504 --- [restartedMain] t.esprit.spring.KinderGartenApplication  : No active profile set, falling back to default profiles: default
2021-03-28 21:37:09.059  INFO 11504 --- [restartedMain] .e.DevToolsPropertyDefaultsPostProcessor : Devtools property defaults active! Set 'spring.devtools.add-properties' to 'false' to disable
2021-03-28 21:37:09.060  INFO 11504 --- [restartedMain] .e.DevToolsPropertyDefaultsPostProcessor : For additional web related logging consider setting the 'logging.level.web' property to 'DEBUG'
2021-03-28 21:37:10.725  INFO 11504 --- [restartedMain] .s.d.r.c.RepositoryConfigurationDelegate : Bootstrapping Spring Data JPA repositories in DEFAULT mode.
2021-03-28 21:37:10.957  INFO 11504 --- [restartedMain] .s.d.r.c.RepositoryConfigurationDelegate : Finished Spring Data repository scanning in 215 ms. Found 16 JPA repository interfaces.
2021-03-28 21:37:12.088  INFO 11504 --- [restartedMain] o.s.b.w.embedded.tomcat.TomcatWebServer  : Tomcat initialized with port(s): 8081 (http)
2021-03-28 21:37:12.113  INFO 11504 --- [restartedMain] o.apache.catalina.core.StandardService   : Starting service [Tomcat]
2021-03-28 21:37:12.114  INFO 11504 --- [restartedMain] org.apache.catalina.core.StandardEngine  : Starting Servlet engine: [Apache Tomcat/9.0.43]
2021-03-28 21:37:12.121  INFO 11504 --- [restartedMain] o.a.catalina.core.AprLifecycleListener   : Loaded Apache Tomcat Native library [1.2.25] using APR version [1.7.0].
2021-03-28 21:37:12.121  INFO 11504 --- [restartedMain] o.a.catalina.core.AprLifecycleListener   : APR capabilities: IPv6 [true], sendfile [true], accept filters [false], random [true].
2021-03-28 21:37:12.121  INFO 11504 --- [restartedMain] o.a.catalina.core.AprLifecycleListener   : APR/OpenSSL configuration: useAprConnector [false], useOpenSSL [true]
2021-03-28 21:37:12.127  INFO 11504 --- [restartedMain] o.a.catalina.core.AprLifecycleListener   : OpenSSL successfully initialized [OpenSSL 1.1.1g  21 Apr 2020]
2021-03-28 21:37:12.387  INFO 11504 --- [restartedMain] o.a.c.c.C.[.[localhost].[/kindergarten]  : Initializing Spring embedded WebApplicationContext
2021-03-28 21:37:12.388  INFO 11504 --- [restartedMain] w.s.c.ServletWebServerApplicationContext : Root WebApplicationContext: initialization completed in 3327 ms
2021-03-28 21:37:13.189  INFO 11504 --- [restartedMain] o.hibernate.jpa.internal.util.LogHelper  : HHH000204: Processing PersistenceUnitInfo [name: default]
2021-03-28 21:37:13.281  INFO 11504 --- [restartedMain] org.hibernate.Version                    : HHH000412: Hibernate ORM core version 5.4.28.Final
2021-03-28 21:37:13.543  INFO 11504 --- [restartedMain] o.hibernate.annotations.common.Version   : HCANN000001: Hibernate Commons Annotations {5.1.2.Final}
2021-03-28 21:37:13.728  INFO 11504 --- [restartedMain] com.zaxxer.hikari.HikariDataSource       : HikariPool-1 - Starting...
2021-03-28 21:37:14.045  INFO 11504 --- [restartedMain] com.zaxxer.hikari.HikariDataSource       : HikariPool-1 - Start completed.
2021-03-28 21:37:14.073  INFO 11504 --- [restartedMain] org.hibernate.dialect.Dialect            : HHH000400: Using dialect: org.hibernate.dialect.MySQL5Dialect
2021-03-28 21:37:14.748  WARN 11504 --- [restartedMain] org.hibernate.mapping.RootClass          : HHH000038: Composite-id class does not override equals(): tn.esprit.spring.entity.PK_SAT
2021-03-28 21:37:14.749  WARN 11504 --- [restartedMain] org.hibernate.mapping.RootClass          : HHH000039: Composite-id class does not override hashCode(): tn.esprit.spring.entity.PK_SAT
2021-03-28 21:37:17.268  INFO 11504 --- [restartedMain] o.h.e.t.j.p.i.JtaPlatformInitiator       : HHH000490: Using JtaPlatform implementation: [org.hibernate.engine.transaction.jta.platform.internal.NoJtaPlatform]
2021-03-28 21:37:17.293  INFO 11504 --- [restartedMain] j.LocalContainerEntityManagerFactoryBean : Initialized JPA EntityManagerFactory for persistence unit 'default'
2021-03-28 21:37:17.320  INFO 11504 --- [restartedMain] o.s.b.d.a.OptionalLiveReloadServer       : LiveReload server is running on port 35729
2021-03-28 21:37:18.834  WARN 11504 --- [restartedMain] JpaBaseConfiguration$JpaWebConfiguration : spring.jpa.open-in-view is enabled by default. Therefore, database queries may be performed during view rendering. Explicitly configure spring.jpa.open-in-view to disable this warning
2021-03-28 21:37:19.040  INFO 11504 --- [restartedMain] o.s.s.concurrent.ThreadPoolTaskExecutor  : Initializing ExecutorService 'applicationTaskExecutor'
2021-03-28 21:37:19.816  INFO 11504 --- [restartedMain] o.s.b.a.e.web.EndpointLinksResolver      : Exposing 15 endpoint(s) beneath base path '/actuator'
2021-03-28 21:37:19.918  INFO 11504 --- [restartedMain] o.s.b.w.embedded.tomcat.TomcatWebServer  : Tomcat started on port(s): 8081 (http) with context path '/kindergarten'
2021-03-28 21:37:19.950  INFO 11504 --- [restartedMain] t.esprit.spring.KinderGartenApplication  : Started KinderGartenApplication in 11.713 seconds (JVM running for 13.0)
2021-03-28 21:37:28.904  INFO 11504 --- [http-nio-8081-exec-1] o.a.c.c.C.[.[localhost].[/kindergarten]  : Initializing Spring DispatcherServlet 'dispatcherServlet'
2021-03-28 21:37:28.905  INFO 11504 --- [http-nio-8081-exec-1] o.s.web.servlet.DispatcherServlet        : Initializing Servlet 'dispatcherServlet'
2021-03-28 21:37:28.906  INFO 11504 --- [http-nio-8081-exec-1] o.s.web.servlet.DispatcherServlet        : Completed initialization in 1 ms
2021-03-28 21:41:10.085  WARN 11504 --- [http-nio-8081-exec-5] .w.s.m.s.DefaultHandlerExceptionResolver : Resolved [org.springframework.web.HttpRequestMethodNotSupportedException: Request method 'POST' not supported]
2021-03-28 21:42:22.114  INFO 11504 --- [RMI TCP Connection(2)-127.0.0.1] inMXBeanRegistrar$SpringApplicationAdmin : Application shutdown requested.
2021-03-28 21:42:22.376  INFO 11504 --- [RMI TCP Connection(2)-127.0.0.1] o.s.s.concurrent.ThreadPoolTaskExecutor  : Shutting down ExecutorService 'applicationTaskExecutor'
2021-03-28 21:42:22.376  INFO 11504 --- [RMI TCP Connection(2)-127.0.0.1] j.LocalContainerEntityManagerFactoryBean : Closing JPA EntityManagerFactory for persistence unit 'default'
2021-03-28 21:42:22.376  INFO 11504 --- [RMI TCP Connection(2)-127.0.0.1] com.zaxxer.hikari.HikariDataSource       : HikariPool-1 - Shutdown initiated...
2021-03-28 21:42:22.407  INFO 11504 --- [RMI TCP Connection(2)-127.0.0.1] com.zaxxer.hikari.HikariDataSource       : HikariPool-1 - Shutdown completed.
2021-03-28 21:42:27.352  INFO 10812 --- [restartedMain] t.esprit.spring.KinderGartenApplication  : Starting KinderGartenApplication using Java 1.8.0_60 on DESKTOP-I0KEIU6 with PID 10812 (C:\Users\User\Desktop\Kindergarten_Backend\KinderGarten\target\classes started by User in C:\Users\User\Desktop\Kindergarten_Backend\KinderGarten)
2021-03-28 21:42:27.352  INFO 10812 --- [restartedMain] t.esprit.spring.KinderGartenApplication  : No active profile set, falling back to default profiles: default
2021-03-28 21:42:27.430  INFO 10812 --- [restartedMain] .e.DevToolsPropertyDefaultsPostProcessor : Devtools property defaults active! Set 'spring.devtools.add-properties' to 'false' to disable
2021-03-28 21:42:27.430  INFO 10812 --- [restartedMain] .e.DevToolsPropertyDefaultsPostProcessor : For additional web related logging consider setting the 'logging.level.web' property to 'DEBUG'
2021-03-28 21:42:29.232  INFO 10812 --- [restartedMain] .s.d.r.c.RepositoryConfigurationDelegate : Bootstrapping Spring Data JPA repositories in DEFAULT mode.
2021-03-28 21:42:29.608  INFO 10812 --- [restartedMain] .s.d.r.c.RepositoryConfigurationDelegate : Finished Spring Data repository scanning in 345 ms. Found 16 JPA repository interfaces.
2021-03-28 21:42:30.871  INFO 10812 --- [restartedMain] o.s.b.w.embedded.tomcat.TomcatWebServer  : Tomcat initialized with port(s): 8081 (http)
2021-03-28 21:42:30.886  INFO 10812 --- [restartedMain] o.apache.catalina.core.StandardService   : Starting service [Tomcat]
2021-03-28 21:42:30.886  INFO 10812 --- [restartedMain] org.apache.catalina.core.StandardEngine  : Starting Servlet engine: [Apache Tomcat/9.0.43]
2021-03-28 21:42:30.902  INFO 10812 --- [restartedMain] o.a.catalina.core.AprLifecycleListener   : Loaded Apache Tomcat Native library [1.2.25] using APR version [1.7.0].
2021-03-28 21:42:30.902  INFO 10812 --- [restartedMain] o.a.catalina.core.AprLifecycleListener   : APR capabilities: IPv6 [true], sendfile [true], accept filters [false], random [true].
2021-03-28 21:42:30.902  INFO 10812 --- [restartedMain] o.a.catalina.core.AprLifecycleListener   : APR/OpenSSL configuration: useAprConnector [false], useOpenSSL [true]
2021-03-28 21:42:30.902  INFO 10812 --- [restartedMain] o.a.catalina.core.AprLifecycleListener   : OpenSSL successfully initialized [OpenSSL 1.1.1g  21 Apr 2020]
2021-03-28 21:42:31.058  INFO 10812 --- [restartedMain] o.a.c.c.C.[.[localhost].[/kindergarten]  : Initializing Spring embedded WebApplicationContext
2021-03-28 21:42:31.058  INFO 10812 --- [restartedMain] w.s.c.ServletWebServerApplicationContext : Root WebApplicationContext: initialization completed in 3628 ms
2021-03-28 21:42:31.652  INFO 10812 --- [restartedMain] o.hibernate.jpa.internal.util.LogHelper  : HHH000204: Processing PersistenceUnitInfo [name: default]
2021-03-28 21:42:31.730  INFO 10812 --- [restartedMain] org.hibernate.Version                    : HHH000412: Hibernate ORM core version 5.4.28.Final
2021-03-28 21:42:31.980  INFO 10812 --- [restartedMain] o.hibernate.annotations.common.Version   : HCANN000001: Hibernate Commons Annotations {5.1.2.Final}
2021-03-28 21:42:32.147  INFO 10812 --- [restartedMain] com.zaxxer.hikari.HikariDataSource       : HikariPool-1 - Starting...
2021-03-28 21:42:32.459  INFO 10812 --- [restartedMain] com.zaxxer.hikari.HikariDataSource       : HikariPool-1 - Start completed.
2021-03-28 21:42:32.491  INFO 10812 --- [restartedMain] org.hibernate.dialect.Dialect            : HHH000400: Using dialect: org.hibernate.dialect.MySQL5Dialect
2021-03-28 21:42:33.069  WARN 10812 --- [restartedMain] org.hibernate.mapping.RootClass          : HHH000038: Composite-id class does not override equals(): tn.esprit.spring.entity.PK_SAT
2021-03-28 21:42:33.074  WARN 10812 --- [restartedMain] org.hibernate.mapping.RootClass          : HHH000039: Composite-id class does not override hashCode(): tn.esprit.spring.entity.PK_SAT
2021-03-28 21:42:35.016  INFO 10812 --- [restartedMain] o.h.e.t.j.p.i.JtaPlatformInitiator       : HHH000490: Using JtaPlatform implementation: [org.hibernate.engine.transaction.jta.platform.internal.NoJtaPlatform]
2021-03-28 21:42:35.032  INFO 10812 --- [restartedMain] j.LocalContainerEntityManagerFactoryBean : Initialized JPA EntityManagerFactory for persistence unit 'default'
2021-03-28 21:42:35.048  INFO 10812 --- [restartedMain] o.s.b.d.a.OptionalLiveReloadServer       : LiveReload server is running on port 35729
2021-03-28 21:42:36.266  WARN 10812 --- [restartedMain] JpaBaseConfiguration$JpaWebConfiguration : spring.jpa.open-in-view is enabled by default. Therefore, database queries may be performed during view rendering. Explicitly configure spring.jpa.open-in-view to disable this warning
2021-03-28 21:42:36.499  INFO 10812 --- [restartedMain] o.s.s.concurrent.ThreadPoolTaskExecutor  : Initializing ExecutorService 'applicationTaskExecutor'
2021-03-28 21:42:37.140  INFO 10812 --- [restartedMain] o.s.b.a.e.web.EndpointLinksResolver      : Exposing 15 endpoint(s) beneath base path '/actuator'
2021-03-28 21:42:37.202  INFO 10812 --- [restartedMain] o.s.b.w.embedded.tomcat.TomcatWebServer  : Tomcat started on port(s): 8081 (http) with context path '/kindergarten'
2021-03-28 21:42:37.233  INFO 10812 --- [restartedMain] t.esprit.spring.KinderGartenApplication  : Started KinderGartenApplication in 10.47 seconds (JVM running for 11.734)
2021-03-28 21:42:49.792  INFO 10812 --- [http-nio-8081-exec-1] o.a.c.c.C.[.[localhost].[/kindergarten]  : Initializing Spring DispatcherServlet 'dispatcherServlet'
2021-03-28 21:42:49.792  INFO 10812 --- [http-nio-8081-exec-1] o.s.web.servlet.DispatcherServlet        : Initializing Servlet 'dispatcherServlet'
2021-03-28 21:42:49.797  INFO 10812 --- [http-nio-8081-exec-1] o.s.web.servlet.DispatcherServlet        : Completed initialization in 5 ms
2021-03-28 21:43:16.228  WARN 10812 --- [http-nio-8081-exec-4] .w.s.m.s.DefaultHandlerExceptionResolver : Resolved [org.springframework.web.HttpRequestMethodNotSupportedException: Request method 'POST' not supported]
2021-03-28 21:43:55.393  INFO 10812 --- [http-nio-8081-exec-5] t.e.s.s.i.AppointmentServiceImpl         : Start processing
2021-03-28 21:48:56.449  INFO 10812 --- [RMI TCP Connection(2)-127.0.0.1] inMXBeanRegistrar$SpringApplicationAdmin : Application shutdown requested.
2021-03-28 21:48:56.704  INFO 10812 --- [RMI TCP Connection(2)-127.0.0.1] o.s.s.concurrent.ThreadPoolTaskExecutor  : Shutting down ExecutorService 'applicationTaskExecutor'
2021-03-28 21:48:56.704  INFO 10812 --- [RMI TCP Connection(2)-127.0.0.1] j.LocalContainerEntityManagerFactoryBean : Closing JPA EntityManagerFactory for persistence unit 'default'
2021-03-28 21:48:56.720  INFO 10812 --- [RMI TCP Connection(2)-127.0.0.1] com.zaxxer.hikari.HikariDataSource       : HikariPool-1 - Shutdown initiated...
2021-03-28 21:48:56.736  INFO 10812 --- [RMI TCP Connection(2)-127.0.0.1] com.zaxxer.hikari.HikariDataSource       : HikariPool-1 - Shutdown completed.
